Determining if the pthread_create exist failed with the following output:
Change Dir: /home/student/rosws/build/roswtf/CMakeFiles/CMakeTmp

Run Build Command:"/usr/bin/make" "cmTC_86202/fast"
/usr/bin/make -f CMakeFiles/cmTC_86202.dir/build.make CMakeFiles/cmTC_86202.dir/build
make[1]: Map '/home/student/rosws/build/roswtf/CMakeFiles/CMakeTmp' wordt binnengegaan
Building C object CMakeFiles/cmTC_86202.dir/CheckSymbolExists.c.o
/usr/bin/cc    -o CMakeFiles/cmTC_86202.dir/CheckSymbolExists.c.o   -c /home/student/rosws/build/roswtf/CMakeFiles/CMakeTmp/CheckSymbolExists.c
Linking C executable cmTC_86202
/usr/bin/cmake -E cmake_link_script CMakeFiles/cmTC_86202.dir/link.txt --verbose=1
/usr/bin/cc      -rdynamic CMakeFiles/cmTC_86202.dir/CheckSymbolExists.c.o  -o cmTC_86202 
CMakeFiles/cmTC_86202.dir/CheckSymbolExists.c.o: In function `main':
CheckSymbolExists.c:(.text+0x1b): undefined reference to `pthread_create'
collect2: error: ld returned 1 exit status
CMakeFiles/cmTC_86202.dir/build.make:97: recipe for target 'cmTC_86202' failed
make[1]: *** [cmTC_86202] Error 1
make[1]: Map '/home/student/rosws/build/roswtf/CMakeFiles/CMakeTmp' wordt verlaten
Makefile:126: recipe for target 'cmTC_86202/fast' failed
make: *** [cmTC_86202/fast] Error 2

File /home/student/rosws/build/roswtf/CMakeFiles/CMakeTmp/CheckSymbolExists.c:
/* */
#include <pthread.h>

int main(int argc, char** argv)
{
  (void)argv;
#ifndef pthread_create
  return ((int*)(&pthread_create))[argc];
#else
  (void)argc;
  return 0;
#endif
}

Determining if the function pthread_create exists in the pthreads failed with the following output:
Change Dir: /home/student/rosws/build/roswtf/CMakeFiles/CMakeTmp

Run Build Command:"/usr/bin/make" "cmTC_939da/fast"
/usr/bin/make -f CMakeFiles/cmTC_939da.dir/build.make CMakeFiles/cmTC_939da.dir/build
make[1]: Map '/home/student/rosws/build/roswtf/CMakeFiles/CMakeTmp' wordt binnengegaan
Building C object CMakeFiles/cmTC_939da.dir/CheckFunctionExists.c.o
/usr/bin/cc   -DCHECK_FUNCTION_EXISTS=pthread_create   -o CMakeFiles/cmTC_939da.dir/CheckFunctionExists.c.o   -c /usr/share/cmake-3.10/Modules/CheckFunctionExists.c
Linking C executable cmTC_939da
/usr/bin/cmake -E cmake_link_script CMakeFiles/cmTC_939da.dir/link.txt --verbose=1
/usr/bin/cc  -DCHECK_FUNCTION_EXISTS=pthread_create    -rdynamic CMakeFiles/cmTC_939da.dir/CheckFunctionExists.c.o  -o cmTC_939da -lpthreads 
/usr/bin/ld: cannot find -lpthreads
collect2: error: ld returned 1 exit status
CMakeFiles/cmTC_939da.dir/build.make:97: recipe for target 'cmTC_939da' failed
make[1]: *** [cmTC_939da] Error 1
make[1]: Map '/home/student/rosws/build/roswtf/CMakeFiles/CMakeTmp' wordt verlaten
Makefile:126: recipe for target 'cmTC_939da/fast' failed
make: *** [cmTC_939da/fast] Error 2


