Determining if the pthread_create exist failed with the following output:
Change Dir: /home/student/rosws/build/rospy/CMakeFiles/CMakeTmp

Run Build Command:"/usr/bin/make" "cmTC_e534c/fast"
/usr/bin/make -f CMakeFiles/cmTC_e534c.dir/build.make CMakeFiles/cmTC_e534c.dir/build
make[1]: Map '/home/student/rosws/build/rospy/CMakeFiles/CMakeTmp' wordt binnengegaan
Building C object CMakeFiles/cmTC_e534c.dir/CheckSymbolExists.c.o
/usr/bin/cc    -o CMakeFiles/cmTC_e534c.dir/CheckSymbolExists.c.o   -c /home/student/rosws/build/rospy/CMakeFiles/CMakeTmp/CheckSymbolExists.c
Linking C executable cmTC_e534c
/usr/bin/cmake -E cmake_link_script CMakeFiles/cmTC_e534c.dir/link.txt --verbose=1
/usr/bin/cc      -rdynamic CMakeFiles/cmTC_e534c.dir/CheckSymbolExists.c.o  -o cmTC_e534c 
CMakeFiles/cmTC_e534c.dir/CheckSymbolExists.c.o: In function `main':
CheckSymbolExists.c:(.text+0x1b): undefined reference to `pthread_create'
collect2: error: ld returned 1 exit status
CMakeFiles/cmTC_e534c.dir/build.make:97: recipe for target 'cmTC_e534c' failed
make[1]: *** [cmTC_e534c] Error 1
make[1]: Map '/home/student/rosws/build/rospy/CMakeFiles/CMakeTmp' wordt verlaten
Makefile:126: recipe for target 'cmTC_e534c/fast' failed
make: *** [cmTC_e534c/fast] Error 2

File /home/student/rosws/build/rospy/CMakeFiles/CMakeTmp/CheckSymbolExists.c:
/* */
#include <pthread.h>

int main(int argc, char** argv)
{
  (void)argv;
#ifndef pthread_create
  return ((int*)(&pthread_create))[argc];
#else
  (void)argc;
  return 0;
#endif
}

Determining if the function pthread_create exists in the pthreads failed with the following output:
Change Dir: /home/student/rosws/build/rospy/CMakeFiles/CMakeTmp

Run Build Command:"/usr/bin/make" "cmTC_b1307/fast"
/usr/bin/make -f CMakeFiles/cmTC_b1307.dir/build.make CMakeFiles/cmTC_b1307.dir/build
make[1]: Map '/home/student/rosws/build/rospy/CMakeFiles/CMakeTmp' wordt binnengegaan
Building C object CMakeFiles/cmTC_b1307.dir/CheckFunctionExists.c.o
/usr/bin/cc   -DCHECK_FUNCTION_EXISTS=pthread_create   -o CMakeFiles/cmTC_b1307.dir/CheckFunctionExists.c.o   -c /usr/share/cmake-3.10/Modules/CheckFunctionExists.c
Linking C executable cmTC_b1307
/usr/bin/cmake -E cmake_link_script CMakeFiles/cmTC_b1307.dir/link.txt --verbose=1
/usr/bin/cc  -DCHECK_FUNCTION_EXISTS=pthread_create    -rdynamic CMakeFiles/cmTC_b1307.dir/CheckFunctionExists.c.o  -o cmTC_b1307 -lpthreads 
/usr/bin/ld: cannot find -lpthreads
collect2: error: ld returned 1 exit status
CMakeFiles/cmTC_b1307.dir/build.make:97: recipe for target 'cmTC_b1307' failed
make[1]: *** [cmTC_b1307] Error 1
make[1]: Map '/home/student/rosws/build/rospy/CMakeFiles/CMakeTmp' wordt verlaten
Makefile:126: recipe for target 'cmTC_b1307/fast' failed
make: *** [cmTC_b1307/fast] Error 2


