Determining if the pthread_create exist failed with the following output:
Change Dir: /home/student/rosws/build/rosserial_server/CMakeFiles/CMakeTmp

Run Build Command:"/usr/bin/make" "cmTC_dbe80/fast"
/usr/bin/make -f CMakeFiles/cmTC_dbe80.dir/build.make CMakeFiles/cmTC_dbe80.dir/build
make[1]: Map '/home/student/rosws/build/rosserial_server/CMakeFiles/CMakeTmp' wordt binnengegaan
Building C object CMakeFiles/cmTC_dbe80.dir/CheckSymbolExists.c.o
/usr/bin/cc    -o CMakeFiles/cmTC_dbe80.dir/CheckSymbolExists.c.o   -c /home/student/rosws/build/rosserial_server/CMakeFiles/CMakeTmp/CheckSymbolExists.c
Linking C executable cmTC_dbe80
/usr/bin/cmake -E cmake_link_script CMakeFiles/cmTC_dbe80.dir/link.txt --verbose=1
/usr/bin/cc      -rdynamic CMakeFiles/cmTC_dbe80.dir/CheckSymbolExists.c.o  -o cmTC_dbe80 
CMakeFiles/cmTC_dbe80.dir/CheckSymbolExists.c.o: In function `main':
CheckSymbolExists.c:(.text+0x1b): undefined reference to `pthread_create'
collect2: error: ld returned 1 exit status
CMakeFiles/cmTC_dbe80.dir/build.make:97: recipe for target 'cmTC_dbe80' failed
make[1]: *** [cmTC_dbe80] Error 1
make[1]: Map '/home/student/rosws/build/rosserial_server/CMakeFiles/CMakeTmp' wordt verlaten
Makefile:126: recipe for target 'cmTC_dbe80/fast' failed
make: *** [cmTC_dbe80/fast] Error 2

File /home/student/rosws/build/rosserial_server/CMakeFiles/CMakeTmp/CheckSymbolExists.c:
/* */
#include <pthread.h>

int main(int argc, char** argv)
{
  (void)argv;
#ifndef pthread_create
  return ((int*)(&pthread_create))[argc];
#else
  (void)argc;
  return 0;
#endif
}

Determining if the function pthread_create exists in the pthreads failed with the following output:
Change Dir: /home/student/rosws/build/rosserial_server/CMakeFiles/CMakeTmp

Run Build Command:"/usr/bin/make" "cmTC_17afa/fast"
/usr/bin/make -f CMakeFiles/cmTC_17afa.dir/build.make CMakeFiles/cmTC_17afa.dir/build
make[1]: Map '/home/student/rosws/build/rosserial_server/CMakeFiles/CMakeTmp' wordt binnengegaan
Building C object CMakeFiles/cmTC_17afa.dir/CheckFunctionExists.c.o
/usr/bin/cc   -DCHECK_FUNCTION_EXISTS=pthread_create   -o CMakeFiles/cmTC_17afa.dir/CheckFunctionExists.c.o   -c /usr/share/cmake-3.10/Modules/CheckFunctionExists.c
Linking C executable cmTC_17afa
/usr/bin/cmake -E cmake_link_script CMakeFiles/cmTC_17afa.dir/link.txt --verbose=1
/usr/bin/cc  -DCHECK_FUNCTION_EXISTS=pthread_create    -rdynamic CMakeFiles/cmTC_17afa.dir/CheckFunctionExists.c.o  -o cmTC_17afa -lpthreads 
/usr/bin/ld: cannot find -lpthreads
collect2: error: ld returned 1 exit status
CMakeFiles/cmTC_17afa.dir/build.make:97: recipe for target 'cmTC_17afa' failed
make[1]: *** [cmTC_17afa] Error 1
make[1]: Map '/home/student/rosws/build/rosserial_server/CMakeFiles/CMakeTmp' wordt verlaten
Makefile:126: recipe for target 'cmTC_17afa/fast' failed
make: *** [cmTC_17afa/fast] Error 2


