Determining if the pthread_create exist failed with the following output:
Change Dir: /home/student/rosws/build/rosnode/CMakeFiles/CMakeTmp

Run Build Command:"/usr/bin/make" "cmTC_e439d/fast"
/usr/bin/make -f CMakeFiles/cmTC_e439d.dir/build.make CMakeFiles/cmTC_e439d.dir/build
make[1]: Map '/home/student/rosws/build/rosnode/CMakeFiles/CMakeTmp' wordt binnengegaan
Building C object CMakeFiles/cmTC_e439d.dir/CheckSymbolExists.c.o
/usr/bin/cc    -o CMakeFiles/cmTC_e439d.dir/CheckSymbolExists.c.o   -c /home/student/rosws/build/rosnode/CMakeFiles/CMakeTmp/CheckSymbolExists.c
Linking C executable cmTC_e439d
/usr/bin/cmake -E cmake_link_script CMakeFiles/cmTC_e439d.dir/link.txt --verbose=1
/usr/bin/cc      -rdynamic CMakeFiles/cmTC_e439d.dir/CheckSymbolExists.c.o  -o cmTC_e439d 
CMakeFiles/cmTC_e439d.dir/CheckSymbolExists.c.o: In function `main':
CheckSymbolExists.c:(.text+0x1b): undefined reference to `pthread_create'
collect2: error: ld returned 1 exit status
CMakeFiles/cmTC_e439d.dir/build.make:97: recipe for target 'cmTC_e439d' failed
make[1]: *** [cmTC_e439d] Error 1
make[1]: Map '/home/student/rosws/build/rosnode/CMakeFiles/CMakeTmp' wordt verlaten
Makefile:126: recipe for target 'cmTC_e439d/fast' failed
make: *** [cmTC_e439d/fast] Error 2

File /home/student/rosws/build/rosnode/CMakeFiles/CMakeTmp/CheckSymbolExists.c:
/* */
#include <pthread.h>

int main(int argc, char** argv)
{
  (void)argv;
#ifndef pthread_create
  return ((int*)(&pthread_create))[argc];
#else
  (void)argc;
  return 0;
#endif
}

Determining if the function pthread_create exists in the pthreads failed with the following output:
Change Dir: /home/student/rosws/build/rosnode/CMakeFiles/CMakeTmp

Run Build Command:"/usr/bin/make" "cmTC_4fe27/fast"
/usr/bin/make -f CMakeFiles/cmTC_4fe27.dir/build.make CMakeFiles/cmTC_4fe27.dir/build
make[1]: Map '/home/student/rosws/build/rosnode/CMakeFiles/CMakeTmp' wordt binnengegaan
Building C object CMakeFiles/cmTC_4fe27.dir/CheckFunctionExists.c.o
/usr/bin/cc   -DCHECK_FUNCTION_EXISTS=pthread_create   -o CMakeFiles/cmTC_4fe27.dir/CheckFunctionExists.c.o   -c /usr/share/cmake-3.10/Modules/CheckFunctionExists.c
Linking C executable cmTC_4fe27
/usr/bin/cmake -E cmake_link_script CMakeFiles/cmTC_4fe27.dir/link.txt --verbose=1
/usr/bin/cc  -DCHECK_FUNCTION_EXISTS=pthread_create    -rdynamic CMakeFiles/cmTC_4fe27.dir/CheckFunctionExists.c.o  -o cmTC_4fe27 -lpthreads 
/usr/bin/ld: cannot find -lpthreads
collect2: error: ld returned 1 exit status
CMakeFiles/cmTC_4fe27.dir/build.make:97: recipe for target 'cmTC_4fe27' failed
make[1]: *** [cmTC_4fe27] Error 1
make[1]: Map '/home/student/rosws/build/rosnode/CMakeFiles/CMakeTmp' wordt verlaten
Makefile:126: recipe for target 'cmTC_4fe27/fast' failed
make: *** [cmTC_4fe27/fast] Error 2


