Determining if the pthread_create exist failed with the following output:
Change Dir: /home/student/rosws/build/roscpp/CMakeFiles/CMakeTmp

Run Build Command:"/usr/bin/make" "cmTC_6b8d9/fast"
/usr/bin/make -f CMakeFiles/cmTC_6b8d9.dir/build.make CMakeFiles/cmTC_6b8d9.dir/build
make[1]: Map '/home/student/rosws/build/roscpp/CMakeFiles/CMakeTmp' wordt binnengegaan
Building C object CMakeFiles/cmTC_6b8d9.dir/CheckSymbolExists.c.o
/usr/bin/cc    -o CMakeFiles/cmTC_6b8d9.dir/CheckSymbolExists.c.o   -c /home/student/rosws/build/roscpp/CMakeFiles/CMakeTmp/CheckSymbolExists.c
Linking C executable cmTC_6b8d9
/usr/bin/cmake -E cmake_link_script CMakeFiles/cmTC_6b8d9.dir/link.txt --verbose=1
/usr/bin/cc      -rdynamic CMakeFiles/cmTC_6b8d9.dir/CheckSymbolExists.c.o  -o cmTC_6b8d9 
CMakeFiles/cmTC_6b8d9.dir/CheckSymbolExists.c.o: In function `main':
CheckSymbolExists.c:(.text+0x1b): undefined reference to `pthread_create'
collect2: error: ld returned 1 exit status
CMakeFiles/cmTC_6b8d9.dir/build.make:97: recipe for target 'cmTC_6b8d9' failed
make[1]: *** [cmTC_6b8d9] Error 1
make[1]: Map '/home/student/rosws/build/roscpp/CMakeFiles/CMakeTmp' wordt verlaten
Makefile:126: recipe for target 'cmTC_6b8d9/fast' failed
make: *** [cmTC_6b8d9/fast] Error 2

File /home/student/rosws/build/roscpp/CMakeFiles/CMakeTmp/CheckSymbolExists.c:
/* */
#include <pthread.h>

int main(int argc, char** argv)
{
  (void)argv;
#ifndef pthread_create
  return ((int*)(&pthread_create))[argc];
#else
  (void)argc;
  return 0;
#endif
}

Determining if the function pthread_create exists in the pthreads failed with the following output:
Change Dir: /home/student/rosws/build/roscpp/CMakeFiles/CMakeTmp

Run Build Command:"/usr/bin/make" "cmTC_43b99/fast"
/usr/bin/make -f CMakeFiles/cmTC_43b99.dir/build.make CMakeFiles/cmTC_43b99.dir/build
make[1]: Map '/home/student/rosws/build/roscpp/CMakeFiles/CMakeTmp' wordt binnengegaan
Building C object CMakeFiles/cmTC_43b99.dir/CheckFunctionExists.c.o
/usr/bin/cc   -DCHECK_FUNCTION_EXISTS=pthread_create   -o CMakeFiles/cmTC_43b99.dir/CheckFunctionExists.c.o   -c /usr/share/cmake-3.10/Modules/CheckFunctionExists.c
Linking C executable cmTC_43b99
/usr/bin/cmake -E cmake_link_script CMakeFiles/cmTC_43b99.dir/link.txt --verbose=1
/usr/bin/cc  -DCHECK_FUNCTION_EXISTS=pthread_create    -rdynamic CMakeFiles/cmTC_43b99.dir/CheckFunctionExists.c.o  -o cmTC_43b99 -lpthreads 
/usr/bin/ld: cannot find -lpthreads
collect2: error: ld returned 1 exit status
CMakeFiles/cmTC_43b99.dir/build.make:97: recipe for target 'cmTC_43b99' failed
make[1]: *** [cmTC_43b99] Error 1
make[1]: Map '/home/student/rosws/build/roscpp/CMakeFiles/CMakeTmp' wordt verlaten
Makefile:126: recipe for target 'cmTC_43b99/fast' failed
make: *** [cmTC_43b99/fast] Error 2


Determining if the function trunc exists failed with the following output:
Change Dir: /home/student/rosws/build/roscpp/CMakeFiles/CMakeTmp

Run Build Command:"/usr/bin/make" "cmTC_98b85/fast"
/usr/bin/make -f CMakeFiles/cmTC_98b85.dir/build.make CMakeFiles/cmTC_98b85.dir/build
make[1]: Map '/home/student/rosws/build/roscpp/CMakeFiles/CMakeTmp' wordt binnengegaan
Building C object CMakeFiles/cmTC_98b85.dir/CheckFunctionExists.c.o
/usr/bin/cc   -DCHECK_FUNCTION_EXISTS=trunc   -o CMakeFiles/cmTC_98b85.dir/CheckFunctionExists.c.o   -c /usr/share/cmake-3.10/Modules/CheckFunctionExists.c
<command-line>:0:23: warning: conflicting types for built-in function ‘trunc’ [-Wbuiltin-declaration-mismatch]
/usr/share/cmake-3.10/Modules/CheckFunctionExists.c:7:3: note: in expansion of macro ‘CHECK_FUNCTION_EXISTS’
   CHECK_FUNCTION_EXISTS(void);
   ^~~~~~~~~~~~~~~~~~~~~
Linking C executable cmTC_98b85
/usr/bin/cmake -E cmake_link_script CMakeFiles/cmTC_98b85.dir/link.txt --verbose=1
/usr/bin/cc  -DCHECK_FUNCTION_EXISTS=trunc    -rdynamic CMakeFiles/cmTC_98b85.dir/CheckFunctionExists.c.o  -o cmTC_98b85 
CMakeFiles/cmTC_98b85.dir/CheckFunctionExists.c.o: In function `main':
CheckFunctionExists.c:(.text+0x10): undefined reference to `trunc'
collect2: error: ld returned 1 exit status
CMakeFiles/cmTC_98b85.dir/build.make:97: recipe for target 'cmTC_98b85' failed
make[1]: *** [cmTC_98b85] Error 1
make[1]: Map '/home/student/rosws/build/roscpp/CMakeFiles/CMakeTmp' wordt verlaten
Makefile:126: recipe for target 'cmTC_98b85/fast' failed
make: *** [cmTC_98b85/fast] Error 2


