Determining if the pthread_create exist failed with the following output:
Change Dir: /home/student/rosws/build/rostopic/CMakeFiles/CMakeTmp

Run Build Command:"/usr/bin/make" "cmTC_bac14/fast"
/usr/bin/make -f CMakeFiles/cmTC_bac14.dir/build.make CMakeFiles/cmTC_bac14.dir/build
make[1]: Map '/home/student/rosws/build/rostopic/CMakeFiles/CMakeTmp' wordt binnengegaan
Building C object CMakeFiles/cmTC_bac14.dir/CheckSymbolExists.c.o
/usr/bin/cc    -o CMakeFiles/cmTC_bac14.dir/CheckSymbolExists.c.o   -c /home/student/rosws/build/rostopic/CMakeFiles/CMakeTmp/CheckSymbolExists.c
Linking C executable cmTC_bac14
/usr/bin/cmake -E cmake_link_script CMakeFiles/cmTC_bac14.dir/link.txt --verbose=1
/usr/bin/cc      -rdynamic CMakeFiles/cmTC_bac14.dir/CheckSymbolExists.c.o  -o cmTC_bac14 
CMakeFiles/cmTC_bac14.dir/CheckSymbolExists.c.o: In function `main':
CheckSymbolExists.c:(.text+0x1b): undefined reference to `pthread_create'
collect2: error: ld returned 1 exit status
CMakeFiles/cmTC_bac14.dir/build.make:97: recipe for target 'cmTC_bac14' failed
make[1]: *** [cmTC_bac14] Error 1
make[1]: Map '/home/student/rosws/build/rostopic/CMakeFiles/CMakeTmp' wordt verlaten
Makefile:126: recipe for target 'cmTC_bac14/fast' failed
make: *** [cmTC_bac14/fast] Error 2

File /home/student/rosws/build/rostopic/CMakeFiles/CMakeTmp/CheckSymbolExists.c:
/* */
#include <pthread.h>

int main(int argc, char** argv)
{
  (void)argv;
#ifndef pthread_create
  return ((int*)(&pthread_create))[argc];
#else
  (void)argc;
  return 0;
#endif
}

Determining if the function pthread_create exists in the pthreads failed with the following output:
Change Dir: /home/student/rosws/build/rostopic/CMakeFiles/CMakeTmp

Run Build Command:"/usr/bin/make" "cmTC_5d0ac/fast"
/usr/bin/make -f CMakeFiles/cmTC_5d0ac.dir/build.make CMakeFiles/cmTC_5d0ac.dir/build
make[1]: Map '/home/student/rosws/build/rostopic/CMakeFiles/CMakeTmp' wordt binnengegaan
Building C object CMakeFiles/cmTC_5d0ac.dir/CheckFunctionExists.c.o
/usr/bin/cc   -DCHECK_FUNCTION_EXISTS=pthread_create   -o CMakeFiles/cmTC_5d0ac.dir/CheckFunctionExists.c.o   -c /usr/share/cmake-3.10/Modules/CheckFunctionExists.c
Linking C executable cmTC_5d0ac
/usr/bin/cmake -E cmake_link_script CMakeFiles/cmTC_5d0ac.dir/link.txt --verbose=1
/usr/bin/cc  -DCHECK_FUNCTION_EXISTS=pthread_create    -rdynamic CMakeFiles/cmTC_5d0ac.dir/CheckFunctionExists.c.o  -o cmTC_5d0ac -lpthreads 
/usr/bin/ld: cannot find -lpthreads
collect2: error: ld returned 1 exit status
CMakeFiles/cmTC_5d0ac.dir/build.make:97: recipe for target 'cmTC_5d0ac' failed
make[1]: *** [cmTC_5d0ac] Error 1
make[1]: Map '/home/student/rosws/build/rostopic/CMakeFiles/CMakeTmp' wordt verlaten
Makefile:126: recipe for target 'cmTC_5d0ac/fast' failed
make: *** [cmTC_5d0ac/fast] Error 2


