Determining if the pthread_create exist failed with the following output:
Change Dir: /home/student/rosws/build/xmlrpcpp/CMakeFiles/CMakeTmp

Run Build Command:"/usr/bin/make" "cmTC_148eb/fast"
/usr/bin/make -f CMakeFiles/cmTC_148eb.dir/build.make CMakeFiles/cmTC_148eb.dir/build
make[1]: Map '/home/student/rosws/build/xmlrpcpp/CMakeFiles/CMakeTmp' wordt binnengegaan
Building C object CMakeFiles/cmTC_148eb.dir/CheckSymbolExists.c.o
/usr/bin/cc    -o CMakeFiles/cmTC_148eb.dir/CheckSymbolExists.c.o   -c /home/student/rosws/build/xmlrpcpp/CMakeFiles/CMakeTmp/CheckSymbolExists.c
Linking C executable cmTC_148eb
/usr/bin/cmake -E cmake_link_script CMakeFiles/cmTC_148eb.dir/link.txt --verbose=1
/usr/bin/cc      -rdynamic CMakeFiles/cmTC_148eb.dir/CheckSymbolExists.c.o  -o cmTC_148eb 
CMakeFiles/cmTC_148eb.dir/CheckSymbolExists.c.o: In function `main':
CheckSymbolExists.c:(.text+0x1b): undefined reference to `pthread_create'
collect2: error: ld returned 1 exit status
CMakeFiles/cmTC_148eb.dir/build.make:97: recipe for target 'cmTC_148eb' failed
make[1]: *** [cmTC_148eb] Error 1
make[1]: Map '/home/student/rosws/build/xmlrpcpp/CMakeFiles/CMakeTmp' wordt verlaten
Makefile:126: recipe for target 'cmTC_148eb/fast' failed
make: *** [cmTC_148eb/fast] Error 2

File /home/student/rosws/build/xmlrpcpp/CMakeFiles/CMakeTmp/CheckSymbolExists.c:
/* */
#include <pthread.h>

int main(int argc, char** argv)
{
  (void)argv;
#ifndef pthread_create
  return ((int*)(&pthread_create))[argc];
#else
  (void)argc;
  return 0;
#endif
}

Determining if the function pthread_create exists in the pthreads failed with the following output:
Change Dir: /home/student/rosws/build/xmlrpcpp/CMakeFiles/CMakeTmp

Run Build Command:"/usr/bin/make" "cmTC_4d668/fast"
/usr/bin/make -f CMakeFiles/cmTC_4d668.dir/build.make CMakeFiles/cmTC_4d668.dir/build
make[1]: Map '/home/student/rosws/build/xmlrpcpp/CMakeFiles/CMakeTmp' wordt binnengegaan
Building C object CMakeFiles/cmTC_4d668.dir/CheckFunctionExists.c.o
/usr/bin/cc   -DCHECK_FUNCTION_EXISTS=pthread_create   -o CMakeFiles/cmTC_4d668.dir/CheckFunctionExists.c.o   -c /usr/share/cmake-3.10/Modules/CheckFunctionExists.c
Linking C executable cmTC_4d668
/usr/bin/cmake -E cmake_link_script CMakeFiles/cmTC_4d668.dir/link.txt --verbose=1
/usr/bin/cc  -DCHECK_FUNCTION_EXISTS=pthread_create    -rdynamic CMakeFiles/cmTC_4d668.dir/CheckFunctionExists.c.o  -o cmTC_4d668 -lpthreads 
/usr/bin/ld: cannot find -lpthreads
collect2: error: ld returned 1 exit status
CMakeFiles/cmTC_4d668.dir/build.make:97: recipe for target 'cmTC_4d668' failed
make[1]: *** [cmTC_4d668] Error 1
make[1]: Map '/home/student/rosws/build/xmlrpcpp/CMakeFiles/CMakeTmp' wordt verlaten
Makefile:126: recipe for target 'cmTC_4d668/fast' failed
make: *** [cmTC_4d668/fast] Error 2


