Determining if the pthread_create exist failed with the following output:
Change Dir: /home/student/rosws/build/rosserial_client/CMakeFiles/CMakeTmp

Run Build Command:"/usr/bin/make" "cmTC_bf025/fast"
/usr/bin/make -f CMakeFiles/cmTC_bf025.dir/build.make CMakeFiles/cmTC_bf025.dir/build
make[1]: Map '/home/student/rosws/build/rosserial_client/CMakeFiles/CMakeTmp' wordt binnengegaan
Building C object CMakeFiles/cmTC_bf025.dir/CheckSymbolExists.c.o
/usr/bin/cc    -o CMakeFiles/cmTC_bf025.dir/CheckSymbolExists.c.o   -c /home/student/rosws/build/rosserial_client/CMakeFiles/CMakeTmp/CheckSymbolExists.c
Linking C executable cmTC_bf025
/usr/bin/cmake -E cmake_link_script CMakeFiles/cmTC_bf025.dir/link.txt --verbose=1
/usr/bin/cc      -rdynamic CMakeFiles/cmTC_bf025.dir/CheckSymbolExists.c.o  -o cmTC_bf025 
CMakeFiles/cmTC_bf025.dir/CheckSymbolExists.c.o: In function `main':
CheckSymbolExists.c:(.text+0x1b): undefined reference to `pthread_create'
collect2: error: ld returned 1 exit status
CMakeFiles/cmTC_bf025.dir/build.make:97: recipe for target 'cmTC_bf025' failed
make[1]: *** [cmTC_bf025] Error 1
make[1]: Map '/home/student/rosws/build/rosserial_client/CMakeFiles/CMakeTmp' wordt verlaten
Makefile:126: recipe for target 'cmTC_bf025/fast' failed
make: *** [cmTC_bf025/fast] Error 2

File /home/student/rosws/build/rosserial_client/CMakeFiles/CMakeTmp/CheckSymbolExists.c:
/* */
#include <pthread.h>

int main(int argc, char** argv)
{
  (void)argv;
#ifndef pthread_create
  return ((int*)(&pthread_create))[argc];
#else
  (void)argc;
  return 0;
#endif
}

Determining if the function pthread_create exists in the pthreads failed with the following output:
Change Dir: /home/student/rosws/build/rosserial_client/CMakeFiles/CMakeTmp

Run Build Command:"/usr/bin/make" "cmTC_e454b/fast"
/usr/bin/make -f CMakeFiles/cmTC_e454b.dir/build.make CMakeFiles/cmTC_e454b.dir/build
make[1]: Map '/home/student/rosws/build/rosserial_client/CMakeFiles/CMakeTmp' wordt binnengegaan
Building C object CMakeFiles/cmTC_e454b.dir/CheckFunctionExists.c.o
/usr/bin/cc   -DCHECK_FUNCTION_EXISTS=pthread_create   -o CMakeFiles/cmTC_e454b.dir/CheckFunctionExists.c.o   -c /usr/share/cmake-3.10/Modules/CheckFunctionExists.c
Linking C executable cmTC_e454b
/usr/bin/cmake -E cmake_link_script CMakeFiles/cmTC_e454b.dir/link.txt --verbose=1
/usr/bin/cc  -DCHECK_FUNCTION_EXISTS=pthread_create    -rdynamic CMakeFiles/cmTC_e454b.dir/CheckFunctionExists.c.o  -o cmTC_e454b -lpthreads 
/usr/bin/ld: cannot find -lpthreads
collect2: error: ld returned 1 exit status
CMakeFiles/cmTC_e454b.dir/build.make:97: recipe for target 'cmTC_e454b' failed
make[1]: *** [cmTC_e454b] Error 1
make[1]: Map '/home/student/rosws/build/rosserial_client/CMakeFiles/CMakeTmp' wordt verlaten
Makefile:126: recipe for target 'cmTC_e454b/fast' failed
make: *** [cmTC_e454b/fast] Error 2


