Determining if the pthread_create exist failed with the following output:
Change Dir: /home/student/rosws/build/rosserial_windows/CMakeFiles/CMakeTmp

Run Build Command:"/usr/bin/make" "cmTC_d403f/fast"
/usr/bin/make -f CMakeFiles/cmTC_d403f.dir/build.make CMakeFiles/cmTC_d403f.dir/build
make[1]: Map '/home/student/rosws/build/rosserial_windows/CMakeFiles/CMakeTmp' wordt binnengegaan
Building C object CMakeFiles/cmTC_d403f.dir/CheckSymbolExists.c.o
/usr/bin/cc    -o CMakeFiles/cmTC_d403f.dir/CheckSymbolExists.c.o   -c /home/student/rosws/build/rosserial_windows/CMakeFiles/CMakeTmp/CheckSymbolExists.c
Linking C executable cmTC_d403f
/usr/bin/cmake -E cmake_link_script CMakeFiles/cmTC_d403f.dir/link.txt --verbose=1
/usr/bin/cc      -rdynamic CMakeFiles/cmTC_d403f.dir/CheckSymbolExists.c.o  -o cmTC_d403f 
CMakeFiles/cmTC_d403f.dir/CheckSymbolExists.c.o: In function `main':
CheckSymbolExists.c:(.text+0x1b): undefined reference to `pthread_create'
collect2: error: ld returned 1 exit status
CMakeFiles/cmTC_d403f.dir/build.make:97: recipe for target 'cmTC_d403f' failed
make[1]: *** [cmTC_d403f] Error 1
make[1]: Map '/home/student/rosws/build/rosserial_windows/CMakeFiles/CMakeTmp' wordt verlaten
Makefile:126: recipe for target 'cmTC_d403f/fast' failed
make: *** [cmTC_d403f/fast] Error 2

File /home/student/rosws/build/rosserial_windows/CMakeFiles/CMakeTmp/CheckSymbolExists.c:
/* */
#include <pthread.h>

int main(int argc, char** argv)
{
  (void)argv;
#ifndef pthread_create
  return ((int*)(&pthread_create))[argc];
#else
  (void)argc;
  return 0;
#endif
}

Determining if the function pthread_create exists in the pthreads failed with the following output:
Change Dir: /home/student/rosws/build/rosserial_windows/CMakeFiles/CMakeTmp

Run Build Command:"/usr/bin/make" "cmTC_fec1e/fast"
/usr/bin/make -f CMakeFiles/cmTC_fec1e.dir/build.make CMakeFiles/cmTC_fec1e.dir/build
make[1]: Map '/home/student/rosws/build/rosserial_windows/CMakeFiles/CMakeTmp' wordt binnengegaan
Building C object CMakeFiles/cmTC_fec1e.dir/CheckFunctionExists.c.o
/usr/bin/cc   -DCHECK_FUNCTION_EXISTS=pthread_create   -o CMakeFiles/cmTC_fec1e.dir/CheckFunctionExists.c.o   -c /usr/share/cmake-3.10/Modules/CheckFunctionExists.c
Linking C executable cmTC_fec1e
/usr/bin/cmake -E cmake_link_script CMakeFiles/cmTC_fec1e.dir/link.txt --verbose=1
/usr/bin/cc  -DCHECK_FUNCTION_EXISTS=pthread_create    -rdynamic CMakeFiles/cmTC_fec1e.dir/CheckFunctionExists.c.o  -o cmTC_fec1e -lpthreads 
/usr/bin/ld: cannot find -lpthreads
collect2: error: ld returned 1 exit status
CMakeFiles/cmTC_fec1e.dir/build.make:97: recipe for target 'cmTC_fec1e' failed
make[1]: *** [cmTC_fec1e] Error 1
make[1]: Map '/home/student/rosws/build/rosserial_windows/CMakeFiles/CMakeTmp' wordt verlaten
Makefile:126: recipe for target 'cmTC_fec1e/fast' failed
make: *** [cmTC_fec1e/fast] Error 2


