Determining if the pthread_create exist failed with the following output:
Change Dir: /home/student/rosws/build/rosmsg/CMakeFiles/CMakeTmp

Run Build Command:"/usr/bin/make" "cmTC_c2edf/fast"
/usr/bin/make -f CMakeFiles/cmTC_c2edf.dir/build.make CMakeFiles/cmTC_c2edf.dir/build
make[1]: Map '/home/student/rosws/build/rosmsg/CMakeFiles/CMakeTmp' wordt binnengegaan
Building C object CMakeFiles/cmTC_c2edf.dir/CheckSymbolExists.c.o
/usr/bin/cc    -o CMakeFiles/cmTC_c2edf.dir/CheckSymbolExists.c.o   -c /home/student/rosws/build/rosmsg/CMakeFiles/CMakeTmp/CheckSymbolExists.c
Linking C executable cmTC_c2edf
/usr/bin/cmake -E cmake_link_script CMakeFiles/cmTC_c2edf.dir/link.txt --verbose=1
/usr/bin/cc      -rdynamic CMakeFiles/cmTC_c2edf.dir/CheckSymbolExists.c.o  -o cmTC_c2edf 
CMakeFiles/cmTC_c2edf.dir/CheckSymbolExists.c.o: In function `main':
CheckSymbolExists.c:(.text+0x1b): undefined reference to `pthread_create'
collect2: error: ld returned 1 exit status
CMakeFiles/cmTC_c2edf.dir/build.make:97: recipe for target 'cmTC_c2edf' failed
make[1]: *** [cmTC_c2edf] Error 1
make[1]: Map '/home/student/rosws/build/rosmsg/CMakeFiles/CMakeTmp' wordt verlaten
Makefile:126: recipe for target 'cmTC_c2edf/fast' failed
make: *** [cmTC_c2edf/fast] Error 2

File /home/student/rosws/build/rosmsg/CMakeFiles/CMakeTmp/CheckSymbolExists.c:
/* */
#include <pthread.h>

int main(int argc, char** argv)
{
  (void)argv;
#ifndef pthread_create
  return ((int*)(&pthread_create))[argc];
#else
  (void)argc;
  return 0;
#endif
}

Determining if the function pthread_create exists in the pthreads failed with the following output:
Change Dir: /home/student/rosws/build/rosmsg/CMakeFiles/CMakeTmp

Run Build Command:"/usr/bin/make" "cmTC_c8fc1/fast"
/usr/bin/make -f CMakeFiles/cmTC_c8fc1.dir/build.make CMakeFiles/cmTC_c8fc1.dir/build
make[1]: Map '/home/student/rosws/build/rosmsg/CMakeFiles/CMakeTmp' wordt binnengegaan
Building C object CMakeFiles/cmTC_c8fc1.dir/CheckFunctionExists.c.o
/usr/bin/cc   -DCHECK_FUNCTION_EXISTS=pthread_create   -o CMakeFiles/cmTC_c8fc1.dir/CheckFunctionExists.c.o   -c /usr/share/cmake-3.10/Modules/CheckFunctionExists.c
Linking C executable cmTC_c8fc1
/usr/bin/cmake -E cmake_link_script CMakeFiles/cmTC_c8fc1.dir/link.txt --verbose=1
/usr/bin/cc  -DCHECK_FUNCTION_EXISTS=pthread_create    -rdynamic CMakeFiles/cmTC_c8fc1.dir/CheckFunctionExists.c.o  -o cmTC_c8fc1 -lpthreads 
/usr/bin/ld: cannot find -lpthreads
collect2: error: ld returned 1 exit status
CMakeFiles/cmTC_c8fc1.dir/build.make:97: recipe for target 'cmTC_c8fc1' failed
make[1]: *** [cmTC_c8fc1] Error 1
make[1]: Map '/home/student/rosws/build/rosmsg/CMakeFiles/CMakeTmp' wordt verlaten
Makefile:126: recipe for target 'cmTC_c8fc1/fast' failed
make: *** [cmTC_c8fc1/fast] Error 2


